<?xml version="1.0" encoding="UTF-8" ?>
<testsuite tests="63" failures="0" name="beansTest.PositionTest" time="0.008" errors="0" skipped="0">
  <properties>
[...]
</properties>
  <testcase classname="beansTest.PositionTest" name="should_return_false_when_coordonneY_out_of_Tendeuse[0]" time="0"/>
  <testcase classname="beansTest.PositionTest" name="should_return_false_when_coordonneXY_out_of_Tendeuse[0]" time="0"/>
  <testcase classname="beansTest.PositionTest" name="avancer[0]" time="0.001"/>
  <testcase classname="beansTest.PositionTest" name="should_return_false_when_coordonneXY_negative_out_of_Tendeuse[0]" time="0"/>
  <testcase classname="beansTest.PositionTest" name="should_return_false_when_coordonneX_out_of_Tendeuse[0]" time="0"/>
  <testcase classname="beansTest.PositionTest" name="should_return_false_when_coordonneX_negative_out_of_Tendeuse[0]" time="0"/>
  <testcase classname="beansTest.PositionTest" name="should_return_false_when_coordonneY_negative_out_of_Tendeuse[0]" time="0"/>
  <testcase classname="beansTest.PositionTest" name="should_return_false_when_coordonneY_out_of_Tendeuse[1]" time="0"/>
  <testcase classname="beansTest.PositionTest" name="should_return_false_when_coordonneXY_out_of_Tendeuse[1]" time="0"/>
  <testcase classname="beansTest.PositionTest" name="avancer[1]" time="0"/>
  <testcase classname="beansTest.PositionTest" name="should_return_false_when_coordonneXY_negative_out_of_Tendeuse[1]" time="0.001"/>
  <testcase classname="beansTest.PositionTest" name="should_return_false_when_coordonneX_out_of_Tendeuse[1]" time="0"/>
  <testcase classname="beansTest.PositionTest" name="should_return_false_when_coordonneX_negative_out_of_Tendeuse[1]" time="0"/>
  <testcase classname="beansTest.PositionTest" name="should_return_false_when_coordonneY_negative_out_of_Tendeuse[1]" time="0"/>
  <testcase classname="beansTest.PositionTest" name="should_return_false_when_coordonneY_out_of_Tendeuse[2]" time="0"/>
  <testcase classname="beansTest.PositionTest" name="should_return_false_when_coordonneXY_out_of_Tendeuse[2]" time="0"/>
  <testcase classname="beansTest.PositionTest" name="avancer[2]" time="0.001"/>
  <testcase classname="beansTest.PositionTest" name="should_return_false_when_coordonneXY_negative_out_of_Tendeuse[2]" time="0"/>
  <testcase classname="beansTest.PositionTest" name="should_return_false_when_coordonneX_out_of_Tendeuse[2]" time="0"/>
  <testcase classname="beansTest.PositionTest" name="should_return_false_when_coordonneX_negative_out_of_Tendeuse[2]" time="0"/>
  <testcase classname="beansTest.PositionTest" name="should_return_false_when_coordonneY_negative_out_of_Tendeuse[2]" time="0.001"/>
  <testcase classname="beansTest.PositionTest" name="should_return_false_when_coordonneY_out_of_Tendeuse[3]" time="0"/>
  <testcase classname="beansTest.PositionTest" name="should_return_false_when_coordonneXY_out_of_Tendeuse[3]" time="0"/>
  <testcase classname="beansTest.PositionTest" name="avancer[3]" time="0"/>
  <testcase classname="beansTest.PositionTest" name="should_return_false_when_coordonneXY_negative_out_of_Tendeuse[3]" time="0"/>
  <testcase classname="beansTest.PositionTest" name="should_return_false_when_coordonneX_out_of_Tendeuse[3]" time="0"/>
  <testcase classname="beansTest.PositionTest" name="should_return_false_when_coordonneX_negative_out_of_Tendeuse[3]" time="0"/>
  <testcase classname="beansTest.PositionTest" name="should_return_false_when_coordonneY_negative_out_of_Tendeuse[3]" time="0"/>
  <testcase classname="beansTest.PositionTest" name="should_return_false_when_coordonneY_out_of_Tendeuse[4]" time="0"/>
  <testcase classname="beansTest.PositionTest" name="should_return_false_when_coordonneXY_out_of_Tendeuse[4]" time="0.001"/>
  <testcase classname="beansTest.PositionTest" name="avancer[4]" time="0"/>
  <testcase classname="beansTest.PositionTest" name="should_return_false_when_coordonneXY_negative_out_of_Tendeuse[4]" time="0"/>
  <testcase classname="beansTest.PositionTest" name="should_return_false_when_coordonneX_out_of_Tendeuse[4]" time="0.001"/>
  <testcase classname="beansTest.PositionTest" name="should_return_false_when_coordonneX_negative_out_of_Tendeuse[4]" time="0"/>
  <testcase classname="beansTest.PositionTest" name="should_return_false_when_coordonneY_negative_out_of_Tendeuse[4]" time="0"/>
  <testcase classname="beansTest.PositionTest" name="should_return_false_when_coordonneY_out_of_Tendeuse[5]" time="0"/>
  <testcase classname="beansTest.PositionTest" name="should_return_false_when_coordonneXY_out_of_Tendeuse[5]" time="0"/>
  <testcase classname="beansTest.PositionTest" name="avancer[5]" time="0"/>
  <testcase classname="beansTest.PositionTest" name="should_return_false_when_coordonneXY_negative_out_of_Tendeuse[5]" time="0.001"/>
  <testcase classname="beansTest.PositionTest" name="should_return_false_when_coordonneX_out_of_Tendeuse[5]" time="0"/>
  <testcase classname="beansTest.PositionTest" name="should_return_false_when_coordonneX_negative_out_of_Tendeuse[5]" time="0"/>
  <testcase classname="beansTest.PositionTest" name="should_return_false_when_coordonneY_negative_out_of_Tendeuse[5]" time="0"/>
  <testcase classname="beansTest.PositionTest" name="should_return_false_when_coordonneY_out_of_Tendeuse[6]" time="0"/>
  <testcase classname="beansTest.PositionTest" name="should_return_false_when_coordonneXY_out_of_Tendeuse[6]" time="0"/>
  <testcase classname="beansTest.PositionTest" name="avancer[6]" time="0"/>
  <testcase classname="beansTest.PositionTest" name="should_return_false_when_coordonneXY_negative_out_of_Tendeuse[6]" time="0"/>
  <testcase classname="beansTest.PositionTest" name="should_return_false_when_coordonneX_out_of_Tendeuse[6]" time="0"/>
  <testcase classname="beansTest.PositionTest" name="should_return_false_when_coordonneX_negative_out_of_Tendeuse[6]" time="0"/>
  <testcase classname="beansTest.PositionTest" name="should_return_false_when_coordonneY_negative_out_of_Tendeuse[6]" time="0"/>
  <testcase classname="beansTest.PositionTest" name="should_return_false_when_coordonneY_out_of_Tendeuse[7]" time="0"/>
  <testcase classname="beansTest.PositionTest" name="should_return_false_when_coordonneXY_out_of_Tendeuse[7]" time="0"/>
  <testcase classname="beansTest.PositionTest" name="avancer[7]" time="0"/>
  <testcase classname="beansTest.PositionTest" name="should_return_false_when_coordonneXY_negative_out_of_Tendeuse[7]" time="0"/>
  <testcase classname="beansTest.PositionTest" name="should_return_false_when_coordonneX_out_of_Tendeuse[7]" time="0"/>
  <testcase classname="beansTest.PositionTest" name="should_return_false_when_coordonneX_negative_out_of_Tendeuse[7]" time="0.001"/>
  <testcase classname="beansTest.PositionTest" name="should_return_false_when_coordonneY_negative_out_of_Tendeuse[7]" time="0"/>
  <testcase classname="beansTest.PositionTest" name="should_return_false_when_coordonneY_out_of_Tendeuse[8]" time="0"/>
  <testcase classname="beansTest.PositionTest" name="should_return_false_when_coordonneXY_out_of_Tendeuse[8]" time="0"/>
  <testcase classname="beansTest.PositionTest" name="avancer[8]" time="0"/>
  <testcase classname="beansTest.PositionTest" name="should_return_false_when_coordonneXY_negative_out_of_Tendeuse[8]" time="0"/>
  <testcase classname="beansTest.PositionTest" name="should_return_false_when_coordonneX_out_of_Tendeuse[8]" time="0"/>
  <testcase classname="beansTest.PositionTest" name="should_return_false_when_coordonneX_negative_out_of_Tendeuse[8]" time="0"/>
  <testcase classname="beansTest.PositionTest" name="should_return_false_when_coordonneY_negative_out_of_Tendeuse[8]" time="0"/>
</testsuite>